<?xml version="1.0" encoding="UTF-8"?>
<testsuite name="Tests" tests="1" skipped="0" failures="0" errors="0" timestamp="2020-12-27T23:39:07" hostname="DESKTOP-MTINQLQ" time="1.04">
  <properties/>
  <testcase name="testLogin" classname="Tests" time="1.04"/>
  <system-out><![CDATA[[jeigay, gmail.com]
]]></system-out>
  <system-err><![CDATA[]]></system-err>
</testsuite>
