<?xml version="1.0" encoding="UTF-8"?>
<testsuite name="Tests" tests="2" skipped="0" failures="0" errors="0" timestamp="2021-01-12T20:55:19" hostname="DESKTOP-MTINQLQ" time="2.835">
  <properties/>
  <testcase name="testGeOrtCreateUser" classname="Tests" time="1.375"/>
  <testcase name="testLogin" classname="Tests" time="1.46"/>
  <system-out><![CDATA[]]></system-out>
  <system-err><![CDATA[]]></system-err>
</testsuite>
