<?xml version="1.0" encoding="UTF-8"?>
<testsuite name="Tests" tests="2" skipped="0" failures="0" errors="0" timestamp="2021-01-10T21:21:49" hostname="DESKTOP-MTINQLQ" time="2.7">
  <properties/>
  <testcase name="testGetCreateUser" classname="Tests" time="1.389"/>
  <testcase name="testLogin" classname="Tests" time="1.31"/>
  <system-out><![CDATA[]]></system-out>
  <system-err><![CDATA[]]></system-err>
</testsuite>
